C:\USERS\GOCE\DOCUMENTS\VISUAL STUDIO 2012\PROJECTS\KINECTCAMERA\KINECTCAMERA\DEBUG\BITMAP.OBJ
C:\USERS\GOCE\DOCUMENTS\VISUAL STUDIO 2012\PROJECTS\KINECTCAMERA\KINECTCAMERA\DEBUG\GAMESCENE.OBJ
C:\USERS\GOCE\DOCUMENTS\VISUAL STUDIO 2012\PROJECTS\KINECTCAMERA\KINECTCAMERA\DEBUG\KINECT.OBJ
C:\USERS\GOCE\DOCUMENTS\VISUAL STUDIO 2012\PROJECTS\KINECTCAMERA\KINECTCAMERA\DEBUG\MAIN.OBJ
C:\USERS\GOCE\DOCUMENTS\VISUAL STUDIO 2012\PROJECTS\KINECTCAMERA\KINECTCAMERA\DEBUG\SECONDSCENE.OBJ
C:\USERS\GOCE\DOCUMENTS\VISUAL STUDIO 2012\PROJECTS\KINECTCAMERA\KINECTCAMERA\DEBUG\STARTSCREEN.OBJ
C:\USERS\GOCE\DOCUMENTS\VISUAL STUDIO 2012\PROJECTS\KINECTCAMERA\KINECTCAMERA\DEBUG\TEST.OBJ
C:\USERS\GOCE\DOCUMENTS\VISUAL STUDIO 2012\PROJECTS\KINECTCAMERA\KINECTCAMERA\DEBUG\VC110.PDB
C:\USERS\GOCE\DOCUMENTS\VISUAL STUDIO 2012\PROJECTS\KINECTCAMERA\DEBUG\KINECTCAMERA.ILK
C:\USERS\GOCE\DOCUMENTS\VISUAL STUDIO 2012\PROJECTS\KINECTCAMERA\DEBUG\KINECTCAMERA.EXE
C:\USERS\GOCE\DOCUMENTS\VISUAL STUDIO 2012\PROJECTS\KINECTCAMERA\DEBUG\KINECTCAMERA.PDB
C:\Users\Goce\Documents\Visual Studio 2012\Projects\KinectCamera\KinectCamera\Debug\Bitmap.obj
C:\Users\Goce\Documents\Visual Studio 2012\Projects\KinectCamera\KinectCamera\Debug\GameScene.obj
C:\Users\Goce\Documents\Visual Studio 2012\Projects\KinectCamera\KinectCamera\Debug\Kinect.obj
C:\Users\Goce\Documents\Visual Studio 2012\Projects\KinectCamera\KinectCamera\Debug\main.obj
C:\Users\Goce\Documents\Visual Studio 2012\Projects\KinectCamera\KinectCamera\Debug\SecondScene.obj
C:\Users\Goce\Documents\Visual Studio 2012\Projects\KinectCamera\KinectCamera\Debug\StartScreen.obj
C:\Users\Goce\Documents\Visual Studio 2012\Projects\KinectCamera\KinectCamera\Debug\test.obj
C:\Users\Goce\Documents\Visual Studio 2012\Projects\KinectCamera\KinectCamera\Debug\cl.command.1.tlog
C:\Users\Goce\Documents\Visual Studio 2012\Projects\KinectCamera\KinectCamera\Debug\CL.read.1.tlog
C:\Users\Goce\Documents\Visual Studio 2012\Projects\KinectCamera\KinectCamera\Debug\CL.write.1.tlog
C:\Users\Goce\Documents\Visual Studio 2012\Projects\KinectCamera\KinectCamera\Debug\link-cvtres.read.1.tlog
C:\Users\Goce\Documents\Visual Studio 2012\Projects\KinectCamera\KinectCamera\Debug\link-cvtres.write.1.tlog
C:\Users\Goce\Documents\Visual Studio 2012\Projects\KinectCamera\KinectCamera\Debug\link-rc.read.1.tlog
C:\Users\Goce\Documents\Visual Studio 2012\Projects\KinectCamera\KinectCamera\Debug\link-rc.write.1.tlog
C:\Users\Goce\Documents\Visual Studio 2012\Projects\KinectCamera\KinectCamera\Debug\link.command.1.tlog
C:\Users\Goce\Documents\Visual Studio 2012\Projects\KinectCamera\KinectCamera\Debug\link.read.1.tlog
C:\Users\Goce\Documents\Visual Studio 2012\Projects\KinectCamera\KinectCamera\Debug\link.write.1.tlog
C:\Users\Goce\Documents\Visual Studio 2012\Projects\KinectCamera\KinectCamera\Debug\vc110.idb
C:\Users\Goce\Documents\Visual Studio 2012\Projects\KinectCamera\KinectCamera\Debug\vc110.pdb
C:\Users\Goce\Documents\Visual Studio 2012\Projects\KinectCamera\Debug\KinectCamera.pdb
C:\Users\Goce\Documents\Visual Studio 2012\Projects\KinectCamera\Debug\KinectCamera.exe
C:\Users\Goce\Documents\Visual Studio 2012\Projects\KinectCamera\Debug\KinectCamera.ilk
