Build started 27.3.2014 11:32:14.
     1>Project "C:\Users\Goce\Documents\Visual Studio 2012\Projects\KinectCamera\KinectCamera\KinectCamera.vcxproj" on node 2 (Rebuild target(s)).
     1>_PrepareForClean:
         Deleting file "Debug\KinectCamera.lastbuildstate".
       InitializeBuildStatus:
         Creating "Debug\KinectCamera.unsuccessfulbuild" because "AlwaysCreate" was specified.
       ClCompile:
         C:\Program Files\Microsoft Visual Studio 11.0\VC\bin\CL.exe /c /ZI /nologo /W3 /WX- /Od /Oy- /D _MBCS /Gm /EHsc /RTC1 /MDd /GS /fp:precise /Zc:wchar_t /Zc:forScope /Fo"Debug\\" /Fd"Debug\vc110.pdb" /Gd /TP /analyze- /errorReport:prompt Bitmap.cpp GameScene.cpp Kinect.cpp main.cpp SecondScene.cpp StartScreen.cpp test.cpp
         test.cpp
         StartScreen.cpp
         SecondScene.cpp
     1>c:\opencv\build\include\opencv2\flann\logger.h(66): warning C4996: 'fopen': This function or variable may be unsafe. Consider using fopen_s instead. To disable deprecation, use _CRT_SECURE_NO_WARNINGS. See online help for details.
                 c:\program files\microsoft visual studio 11.0\vc\include\stdio.h(218) : see declaration of 'fopen'
         main.cpp
     1>c:\opencv\build\include\opencv2\flann\logger.h(66): warning C4996: 'fopen': This function or variable may be unsafe. Consider using fopen_s instead. To disable deprecation, use _CRT_SECURE_NO_WARNINGS. See online help for details.
                 c:\program files\microsoft visual studio 11.0\vc\include\stdio.h(218) : see declaration of 'fopen'
     1>c:\users\goce\documents\visual studio 2012\projects\kinectcamera\kinectcamera\main.cpp(57): warning C4996: 'strcpy': This function or variable may be unsafe. Consider using strcpy_s instead. To disable deprecation, use _CRT_SECURE_NO_WARNINGS. See online help for details.
                 c:\program files\microsoft visual studio 11.0\vc\include\string.h(110) : see declaration of 'strcpy'
     1>c:\users\goce\documents\visual studio 2012\projects\kinectcamera\kinectcamera\main.cpp(58): warning C4996: 'strcpy': This function or variable may be unsafe. Consider using strcpy_s instead. To disable deprecation, use _CRT_SECURE_NO_WARNINGS. See online help for details.
                 c:\program files\microsoft visual studio 11.0\vc\include\string.h(110) : see declaration of 'strcpy'
     1>c:\users\goce\documents\visual studio 2012\projects\kinectcamera\kinectcamera\main.cpp(59): warning C4996: 'strcpy': This function or variable may be unsafe. Consider using strcpy_s instead. To disable deprecation, use _CRT_SECURE_NO_WARNINGS. See online help for details.
                 c:\program files\microsoft visual studio 11.0\vc\include\string.h(110) : see declaration of 'strcpy'
     1>c:\users\goce\documents\visual studio 2012\projects\kinectcamera\kinectcamera\main.cpp(60): warning C4996: 'strcpy': This function or variable may be unsafe. Consider using strcpy_s instead. To disable deprecation, use _CRT_SECURE_NO_WARNINGS. See online help for details.
                 c:\program files\microsoft visual studio 11.0\vc\include\string.h(110) : see declaration of 'strcpy'
     1>c:\users\goce\documents\visual studio 2012\projects\kinectcamera\kinectcamera\main.cpp(61): warning C4996: 'strcpy': This function or variable may be unsafe. Consider using strcpy_s instead. To disable deprecation, use _CRT_SECURE_NO_WARNINGS. See online help for details.
                 c:\program files\microsoft visual studio 11.0\vc\include\string.h(110) : see declaration of 'strcpy'
     1>c:\users\goce\documents\visual studio 2012\projects\kinectcamera\kinectcamera\main.cpp(62): warning C4996: 'strcpy': This function or variable may be unsafe. Consider using strcpy_s instead. To disable deprecation, use _CRT_SECURE_NO_WARNINGS. See online help for details.
                 c:\program files\microsoft visual studio 11.0\vc\include\string.h(110) : see declaration of 'strcpy'
     1>c:\users\goce\documents\visual studio 2012\projects\kinectcamera\kinectcamera\main.cpp(63): warning C4996: 'strcpy': This function or variable may be unsafe. Consider using strcpy_s instead. To disable deprecation, use _CRT_SECURE_NO_WARNINGS. See online help for details.
                 c:\program files\microsoft visual studio 11.0\vc\include\string.h(110) : see declaration of 'strcpy'
     1>c:\users\goce\documents\visual studio 2012\projects\kinectcamera\kinectcamera\main.cpp(105): warning C4101: 'priv' : unreferenced local variable
         Kinect.cpp
     1>c:\opencv\build\include\opencv2\flann\logger.h(66): warning C4996: 'fopen': This function or variable may be unsafe. Consider using fopen_s instead. To disable deprecation, use _CRT_SECURE_NO_WARNINGS. See online help for details.
                 c:\program files\microsoft visual studio 11.0\vc\include\stdio.h(218) : see declaration of 'fopen'
     1>c:\users\goce\documents\visual studio 2012\projects\kinectcamera\kinectcamera\kinect.cpp(308): warning C4244: 'initializing' : conversion from 'double' to 'int', possible loss of data
         GameScene.cpp
     1>c:\opencv\build\include\opencv2\flann\logger.h(66): warning C4996: 'fopen': This function or variable may be unsafe. Consider using fopen_s instead. To disable deprecation, use _CRT_SECURE_NO_WARNINGS. See online help for details.
                 c:\program files\microsoft visual studio 11.0\vc\include\stdio.h(218) : see declaration of 'fopen'
     1>c:\users\goce\documents\visual studio 2012\projects\kinectcamera\kinectcamera\gamescene.cpp(65): warning C4996: 'strcpy': This function or variable may be unsafe. Consider using strcpy_s instead. To disable deprecation, use _CRT_SECURE_NO_WARNINGS. See online help for details.
                 c:\program files\microsoft visual studio 11.0\vc\include\string.h(110) : see declaration of 'strcpy'
     1>c:\users\goce\documents\visual studio 2012\projects\kinectcamera\kinectcamera\gamescene.cpp(66): warning C4996: 'strcpy': This function or variable may be unsafe. Consider using strcpy_s instead. To disable deprecation, use _CRT_SECURE_NO_WARNINGS. See online help for details.
                 c:\program files\microsoft visual studio 11.0\vc\include\string.h(110) : see declaration of 'strcpy'
     1>c:\users\goce\documents\visual studio 2012\projects\kinectcamera\kinectcamera\gamescene.cpp(67): warning C4996: 'strcpy': This function or variable may be unsafe. Consider using strcpy_s instead. To disable deprecation, use _CRT_SECURE_NO_WARNINGS. See online help for details.
                 c:\program files\microsoft visual studio 11.0\vc\include\string.h(110) : see declaration of 'strcpy'
     1>c:\users\goce\documents\visual studio 2012\projects\kinectcamera\kinectcamera\gamescene.cpp(68): warning C4996: 'strcpy': This function or variable may be unsafe. Consider using strcpy_s instead. To disable deprecation, use _CRT_SECURE_NO_WARNINGS. See online help for details.
                 c:\program files\microsoft visual studio 11.0\vc\include\string.h(110) : see declaration of 'strcpy'
         Bitmap.cpp
     1>c:\users\goce\documents\visual studio 2012\projects\kinectcamera\kinectcamera\bitmap.cpp(43): warning C4996: 'fopen': This function or variable may be unsafe. Consider using fopen_s instead. To disable deprecation, use _CRT_SECURE_NO_WARNINGS. See online help for details.
                 c:\program files\microsoft visual studio 11.0\vc\include\stdio.h(218) : see declaration of 'fopen'
     1>c:\users\goce\documents\visual studio 2012\projects\kinectcamera\kinectcamera\bitmap.cpp(158): warning C4018: '<' : signed/unsigned mismatch
     1>c:\users\goce\documents\visual studio 2012\projects\kinectcamera\kinectcamera\bitmap.cpp(179): warning C4018: '<' : signed/unsigned mismatch
     1>c:\users\goce\documents\visual studio 2012\projects\kinectcamera\kinectcamera\bitmap.cpp(213): warning C4018: '<' : signed/unsigned mismatch
     1>c:\users\goce\documents\visual studio 2012\projects\kinectcamera\kinectcamera\bitmap.cpp(231): warning C4018: '<' : signed/unsigned mismatch
         Generating Code...
       Link:
         C:\Program Files\Microsoft Visual Studio 11.0\VC\bin\link.exe /ERRORREPORT:PROMPT /OUT:"C:\Users\Goce\Documents\Visual Studio 2012\Projects\KinectCamera\Debug\KinectCamera.exe" /INCREMENTAL /NOLOGO opencv_core248d.lib opencv_imgproc248d.lib opencv_highgui248d.lib opencv_ml248d.lib opencv_video248d.lib opencv_features2d248d.lib opencv_calib3d248d.lib opencv_objdetect248d.lib opencv_contrib248d.lib opencv_legacy248d.lib opencv_flann248d.lib Kinect10.lib glut32.lib kernel32.lib user32.lib gdi32.lib winspool.lib comdlg32.lib advapi32.lib shell32.lib ole32.lib oleaut32.lib uuid.lib odbc32.lib odbccp32.lib /MANIFEST /MANIFESTUAC:"level='asInvoker' uiAccess='false'" /manifest:embed /DEBUG /PDB:"C:\Users\Goce\Documents\Visual Studio 2012\Projects\KinectCamera\Debug\KinectCamera.pdb" /TLBID:1 /DYNAMICBASE /NXCOMPAT /IMPLIB:"C:\Users\Goce\Documents\Visual Studio 2012\Projects\KinectCamera\Debug\KinectCamera.lib" /MACHINE:X86 Debug\Bitmap.obj
         Debug\GameScene.obj
         Debug\Kinect.obj
         Debug\main.obj
         Debug\SecondScene.obj
         Debug\StartScreen.obj
         Debug\test.obj
         KinectCamera.vcxproj -> C:\Users\Goce\Documents\Visual Studio 2012\Projects\KinectCamera\Debug\KinectCamera.exe
       FinalizeBuildStatus:
         Deleting file "Debug\KinectCamera.unsuccessfulbuild".
         Touching "Debug\KinectCamera.lastbuildstate".
     1>Done Building Project "C:\Users\Goce\Documents\Visual Studio 2012\Projects\KinectCamera\KinectCamera\KinectCamera.vcxproj" (Rebuild target(s)).

Build succeeded.

Time Elapsed 00:00:31.26
